<?xml version="1.0" encoding="UTF-8"?>
<!-- Generated by org.testng.reporters.JUnitXMLReporter -->
<testsuite ignored="4" hostname="DESKTOP-2QUM0C0" failures="0" tests="2" name="Regression Test" time="0.079" errors="0" timestamp="2022-01-13T11:13:50 IST">
  <testcase classname="ui.HandleGroupTC" name="aTest1" time="0.006"/>
  <testcase classname="ui.HandleGroupTC" name="bTest2" time="0.001"/>
  <testcase classname="ui.HandleGroupTC" name="cTest3" time="0.0">
    <ignored/>
  </testcase> <!-- cTest3 -->
  <testcase classname="ui.LogInTestNG" name="LogoutTest" time="0.0">
    <ignored/>
  </testcase> <!-- LogoutTest -->
  <testcase classname="ui.LogInTestNG" name="LoginTest" time="0.0">
    <ignored/>
  </testcase> <!-- LoginTest -->
  <testcase classname="ui.HandleGroupTC" name="dTest4" time="0.0">
    <ignored/>
  </testcase> <!-- dTest4 -->
</testsuite> <!-- Regression Test -->
