<?xml version="1.0" encoding="UTF-8"?>
<!-- Generated by org.testng.reporters.JUnitXMLReporter -->
<testsuite ignored="0" hostname="DESKTOP-2QUM0C0" failures="0" tests="4" name="Default test" time="0.08" errors="0" timestamp="2022-05-24T18:36:19 IST">
  <testcase classname="ui.ReportsTest" name="reporterTest1" time="0.01"/>
  <testcase classname="ui.ReportsTest" name="reporterTest2" time="0.001"/>
  <testcase classname="ui.ReportsTest" name="reporterTest3" time="0.001"/>
  <testcase classname="ui.ReportsTest" name="reporterTest4" time="0.002"/>
</testsuite> <!-- Default test -->
