<?xml version="1.0" encoding="UTF-8"?>
<!-- Generated by org.testng.reporters.JUnitXMLReporter -->
<testsuite ignored="0" hostname="DESKTOP-2QUM0C0" failures="0" tests="8" name="Functional Testing" time="16.387" errors="0" timestamp="2022-01-13T11:13:16 IST">
  <testcase classname="ui.VerifyTitle_TextAssertion" name="titletest" time="12.845"/>
  <testcase classname="ui.LogInTestNG" name="LoginTest" time="0.003"/>
  <testcase classname="ui.LogInTestNG" name="LogoutTest" time="0.001"/>
  <testcase classname="ui.HandleGroupTC" name="cTest3" time="0.001"/>
  <testcase classname="ui.HandleGroupTC" name="dTest4" time="0.004"/>
  <testcase classname="ui.HandleGroupTC" name="aTest1" time="0.002"/>
  <testcase classname="ui.HandleGroupTC" name="bTest2" time="0.002"/>
  <testcase classname="ui.VerifyTitleAssertionTest" name="titletest" time="3.427"/>
</testsuite> <!-- Functional Testing -->
