<?xml version="1.0" encoding="UTF-8"?>
<!-- Generated by org.testng.reporters.JUnitXMLReporter -->
<testsuite ignored="0" hostname="DESKTOP-2QUM0C0" failures="0" tests="4" name="Test Annotation Before Suite After Suite" time="0.071" errors="0" timestamp="2022-01-13T11:13:33 IST">
  <testcase classname="ui.GroupDemoTest" name="cTest3" time="0.008"/>
  <testcase classname="ui.GroupDemoTest" name="dTest4" time="0.002"/>
  <testcase classname="ui.GroupDemoTest" name="aTest1" time="0.002"/>
  <testcase classname="ui.GroupDemoTest" name="bTest2" time="0.002"/>
</testsuite> <!-- Test Annotation Before Suite After Suite -->
