<?xml version="1.0" encoding="UTF-8"?>
<!-- Generated by org.testng.reporters.JUnitXMLReporter -->
<testsuite ignored="0" hostname="DESKTOP-2QUM0C0" failures="0" tests="4" name="GRP-user-registration" time="0.06" errors="0" timestamp="2022-01-07T11:36:59 IST">
  <testcase classname="HandleGroupTC" name="cTest3" time="0.01"/>
  <testcase classname="HandleGroupTC" name="dTest4" time="0.001"/>
  <testcase classname="HandleGroupTC" name="aTest1" time="0.002"/>
  <testcase classname="HandleGroupTC" name="bTest2" time="0.002"/>
</testsuite> <!-- GRP-user-registration -->
