<?xml version="1.0" encoding="UTF-8"?>
<!-- Generated by org.testng.reporters.JUnitXMLReporter -->
<testsuite ignored="2" hostname="DESKTOP-2QUM0C0" failures="0" tests="2" name="GRP-bvt" time="0.045" errors="0" timestamp="2022-01-07T11:32:47 IST">
  <testcase classname="HandleGroupTC" name="cTest3" time="0.007"/>
  <testcase classname="HandleGroupTC" name="bTest2" time="0.0"/>
  <testcase classname="HandleGroupTC" name="aTest1" time="0.0">
    <ignored/>
  </testcase> <!-- aTest1 -->
  <testcase classname="HandleGroupTC" name="dTest4" time="0.0">
    <ignored/>
  </testcase> <!-- dTest4 -->
</testsuite> <!-- GRP-bvt -->
