<?xml version="1.0" encoding="UTF-8"?>
<!-- Generated by org.testng.reporters.JUnitXMLReporter -->
<testsuite ignored="0" hostname="DESKTOP-2QUM0C0" failures="0" tests="4" name="Functional Testing" time="0.092" errors="0" timestamp="2022-05-24T10:48:32 IST">
  <testcase classname="ui.GroupDemoTest" name="cTest3" time="0.011"/>
  <testcase classname="ui.GroupDemoTest" name="dTest4" time="0.002"/>
  <testcase classname="ui.GroupDemoTest" name="aTest1" time="0.002"/>
  <testcase classname="ui.GroupDemoTest" name="bTest2" time="0.002"/>
</testsuite> <!-- Functional Testing -->
