<?xml version="1.0" encoding="UTF-8"?>
<!-- Generated by org.testng.reporters.JUnitXMLReporter -->
<testsuite ignored="0" hostname="DESKTOP-2QUM0C0" failures="1" tests="4" name="Listener Testing" time="8.148" errors="0" timestamp="2022-05-24T17:47:37 IST">
  <testcase classname="ui.ListenerDemoTest" name="launchApp" time="4.54">
    <skipped/>
  </testcase> <!-- launchApp -->
  <testcase classname="ui.ListenerDemoTest" name="launchApp" time="1.139">
    <skipped/>
  </testcase> <!-- launchApp -->
  <testcase classname="ui.ListenerDemoTest" name="launchApp" time="1.092">
    <skipped/>
  </testcase> <!-- launchApp -->
  <testcase classname="ui.ListenerDemoTest" name="launchApp" time="1.288">
    <failure type="java.lang.AssertionError" message="expected [true] but found [false]">
      <![CDATA[java.lang.AssertionError: expected [true] but found [false]
at ui.ListenerDemoTest.launchApp(ListenerDemoTest.java:16)
at java.base/java.util.ArrayList.forEach(ArrayList.java:1511)
... Removed 31 stack frames]]>
    </failure>
  </testcase> <!-- launchApp -->
</testsuite> <!-- Listener Testing -->
